Found 1 CUDA device(s)

Device 0: NVIDIA GeForce RTX 5070 Ti
  Compute Capability: 12.0
  Total Memory: 16302 MB
  Multiprocessors: 70
  Max Threads/Block: 1024

Memory estimate:
  Mode: full
  One phase-space double array: 0.00 GiB
  Estimated current peak: 0.01 GiB plus safety margin 2.89 GiB
  GPU memory free/total: 14.64 GiB / 15.92 GiB
Discrete beam angle center: |omega_y|=0, |omega_z|=0
Starting BFPn solver...
Grid: 4000x6x6, Energy: 50, Angle: 5x5
Step 100, t = 1/8, IDD = 0.00392731
Step 200, t = 2/8, IDD = 0.00420995
Step 300, t = 3/8, IDD = 0.00456816
Step 400, t = 4/8, IDD = 0.00504442
Step 500, t = 5/8, IDD = 0.00584049
Step 600, t = 6/8, IDD = 0.00681189
Step 700, t = 7/8, IDD = 0.0124311
Step 800, t = 8/8, IDD = 0.00478337
Solver completed. Paper-style IDD saved to idd_output.txt
Diagnostic scalar proxy saved to dose_output.txt
