Found 1 CUDA device(s)

Device 0: NVIDIA GeForce RTX 5070 Ti
  Compute Capability: 12.0
  Total Memory: 16302 MB
  Multiprocessors: 70
  Max Threads/Block: 1024

Memory estimate:
  Mode: full
  One phase-space double array: 0.00 GiB
  Estimated current peak: 0.01 GiB plus safety margin 2.89 GiB
  GPU memory free/total: 14.64 GiB / 15.92 GiB
Discrete beam angle center: |omega_y|=0, |omega_z|=0
Starting BFPn solver...
Grid: 16000x6x6, Energy: 50, Angle: 5x5
Step 100, t = 0.25/35, IDD = 0.00479524
Step 200, t = 0.5/35, IDD = 0.00478395
Step 300, t = 0.75/35, IDD = 0.00477275
Step 400, t = 1/35, IDD = 0.00476166
Step 500, t = 1.25/35, IDD = 0.00475067
Step 600, t = 1.5/35, IDD = 0.00473976
Step 700, t = 1.75/35, IDD = 0.0047289
Step 800, t = 2/35, IDD = 0.00471802
Step 900, t = 2.25/35, IDD = 0.00470711
Step 1000, t = 2.5/35, IDD = 0.00469613
Step 1100, t = 2.75/35, IDD = 0.00468505
Step 1200, t = 3/35, IDD = 0.00467385
Step 1300, t = 3.25/35, IDD = 0.00466253
Step 1400, t = 3.5/35, IDD = 0.00465109
Step 1500, t = 3.75/35, IDD = 0.00463956
Step 1600, t = 4/35, IDD = 0.00462794
Step 1700, t = 4.25/35, IDD = 0.00461623
Step 1800, t = 4.5/35, IDD = 0.00460444
Step 1900, t = 4.75/35, IDD = 0.00459257
Step 2000, t = 5/35, IDD = 0.00458067
Step 2100, t = 5.25/35, IDD = 0.00456879
Step 2200, t = 5.5/35, IDD = 0.00455698
Step 2300, t = 5.75/35, IDD = 0.00454528
Step 2400, t = 6/35, IDD = 0.0045337
Step 2500, t = 6.25/35, IDD = 0.00452217
Step 2600, t = 6.5/35, IDD = 0.0045106
Step 2700, t = 6.75/35, IDD = 0.00449886
Step 2800, t = 7/35, IDD = 0.00448683
Step 2900, t = 7.25/35, IDD = 0.00447446
Step 3000, t = 7.5/35, IDD = 0.00446177
Step 3100, t = 7.75/35, IDD = 0.0044489
Step 3200, t = 8/35, IDD = 0.00443613
Step 3300, t = 8.25/35, IDD = 0.00442382
Step 3400, t = 8.5/35, IDD = 0.00441244
Step 3500, t = 8.75/35, IDD = 0.00440246
Step 3600, t = 9/35, IDD = 0.00439435
Step 3700, t = 9.25/35, IDD = 0.0043885
Step 3800, t = 9.5/35, IDD = 0.00438522
Step 3900, t = 9.75/35, IDD = 0.00438467
Step 4000, t = 10/35, IDD = 0.00438691
Step 4100, t = 10.25/35, IDD = 0.00439186
Step 4200, t = 10.5/35, IDD = 0.00439934
Step 4300, t = 10.75/35, IDD = 0.00440911
Step 4400, t = 11/35, IDD = 0.00442085
Step 4500, t = 11.25/35, IDD = 0.00443426
Step 4600, t = 11.5/35, IDD = 0.00444901
Step 4700, t = 11.75/35, IDD = 0.00446484
Step 4800, t = 12/35, IDD = 0.00448148
Step 4900, t = 12.25/35, IDD = 0.00449874
Step 5000, t = 12.5/35, IDD = 0.00451648
Step 5100, t = 12.75/35, IDD = 0.00453459
Step 5200, t = 13/35, IDD = 0.00455299
Step 5300, t = 13.25/35, IDD = 0.00457166
Step 5400, t = 13.5/35, IDD = 0.00459058
Step 5500, t = 13.75/35, IDD = 0.00460976
Step 5600, t = 14/35, IDD = 0.00462923
Step 5700, t = 14.25/35, IDD = 0.00464901
Step 5800, t = 14.5/35, IDD = 0.00466912
Step 5900, t = 14.75/35, IDD = 0.00468959
Step 6000, t = 15/35, IDD = 0.00471046
Step 6100, t = 15.25/35, IDD = 0.00473175
Step 6200, t = 15.5/35, IDD = 0.00475348
Step 6300, t = 15.75/35, IDD = 0.00477568
Step 6400, t = 16/35, IDD = 0.00479836
Step 6500, t = 16.25/35, IDD = 0.00482155
Step 6600, t = 16.5/35, IDD = 0.00484527
Step 6700, t = 16.75/35, IDD = 0.00486953
Step 6800, t = 17/35, IDD = 0.00489436
Step 6900, t = 17.25/35, IDD = 0.00491978
Step 7000, t = 17.5/35, IDD = 0.00494581
Step 7100, t = 17.75/35, IDD = 0.00497249
Step 7200, t = 18/35, IDD = 0.00499983
Step 7300, t = 18.25/35, IDD = 0.00502787
Step 7400, t = 18.5/35, IDD = 0.00505662
Step 7500, t = 18.75/35, IDD = 0.00508612
Step 7600, t = 19/35, IDD = 0.00511639
Step 7700, t = 19.25/35, IDD = 0.00514747
Step 7800, t = 19.5/35, IDD = 0.00517943
Step 7900, t = 19.75/35, IDD = 0.00521234
Step 8000, t = 20/35, IDD = 0.00524625
Step 8100, t = 20.25/35, IDD = 0.00528121
Step 8200, t = 20.5/35, IDD = 0.00531721
Step 8300, t = 20.75/35, IDD = 0.00535421
Step 8400, t = 21/35, IDD = 0.00539218
Step 8500, t = 21.25/35, IDD = 0.00543115
Step 8600, t = 21.5/35, IDD = 0.00547125
Step 8700, t = 21.75/35, IDD = 0.00551276
Step 8800, t = 22/35, IDD = 0.0055561
Step 8900, t = 22.25/35, IDD = 0.00560165
Step 9000, t = 22.5/35, IDD = 0.00564966
Step 9100, t = 22.75/35, IDD = 0.00570001
Step 9200, t = 23/35, IDD = 0.0057522
Step 9300, t = 23.25/35, IDD = 0.00580532
Step 9400, t = 23.5/35, IDD = 0.00585838
Step 9500, t = 23.75/35, IDD = 0.00591072
Step 9600, t = 24/35, IDD = 0.00596252
Step 9700, t = 24.25/35, IDD = 0.00601517
Step 9800, t = 24.5/35, IDD = 0.0060714
Step 9900, t = 24.75/35, IDD = 0.00613492
Step 10000, t = 25/35, IDD = 0.00620959
Step 10100, t = 25.25/35, IDD = 0.00629822
Step 10200, t = 25.5/35, IDD = 0.00640131
Step 10300, t = 25.75/35, IDD = 0.00651599
Step 10400, t = 26/35, IDD = 0.0066357
Step 10500, t = 26.25/35, IDD = 0.00675074
Step 10600, t = 26.5/35, IDD = 0.00684997
Step 10700, t = 26.75/35, IDD = 0.00692335
Step 10800, t = 27/35, IDD = 0.00696498
Step 10900, t = 27.25/35, IDD = 0.006976
Step 11000, t = 27.5/35, IDD = 0.0069667
Step 11100, t = 27.75/35, IDD = 0.00695717
Step 11200, t = 28/35, IDD = 0.00697611
Step 11300, t = 28.25/35, IDD = 0.00705772
Step 11400, t = 28.5/35, IDD = 0.00723705
Step 11500, t = 28.75/35, IDD = 0.00754432
Step 11600, t = 29/35, IDD = 0.00799928
Step 11700, t = 29.25/35, IDD = 0.00860637
Step 11800, t = 29.5/35, IDD = 0.00935167
Step 11900, t = 29.75/35, IDD = 0.010202
Step 12000, t = 30/35, IDD = 0.0111069
Step 12100, t = 30.25/35, IDD = 0.0120029
Step 12200, t = 30.5/35, IDD = 0.0128192
Step 12300, t = 30.75/35, IDD = 0.0134857
Step 12400, t = 31/35, IDD = 0.0139393
Step 12500, t = 31.25/35, IDD = 0.0141312
Step 12600, t = 31.5/35, IDD = 0.0140311
Step 12700, t = 31.75/35, IDD = 0.0136301
Step 12800, t = 32/35, IDD = 0.0129413
Step 12900, t = 32.25/35, IDD = 0.0119974
Step 13000, t = 32.5/35, IDD = 0.0108471
Step 13100, t = 32.75/35, IDD = 0.00955046
Step 13200, t = 33/35, IDD = 0.00817252
Step 13300, t = 33.25/35, IDD = 0.00677809
Step 13400, t = 33.5/35, IDD = 0.00542659
Step 13500, t = 33.75/35, IDD = 0.00416809
Step 13600, t = 34/35, IDD = 0.00304079
Step 13700, t = 34.25/35, IDD = 0.00206986
Step 13800, t = 34.5/35, IDD = 0.00126753
Step 13900, t = 34.75/35, IDD = 0.000634332
Step 14000, t = 35/35, IDD = 0.000161056
Solver completed. Paper-style IDD saved to idd_output.txt
Diagnostic scalar proxy saved to dose_output.txt
